  Shader.cpp
  main.cpp
c:\users\nabil\documents\visual studio 2015\projects\opengl shader viewer\shaderviewer\main.cpp(50): warning C4477: 'printf' : format string '%d' requires an argument of type 'int', but variadic argument 1 has type 'const GLubyte *'
c:\users\nabil\documents\visual studio 2015\projects\opengl shader viewer\shaderviewer\main.cpp(50): warning C4313: 'printf': '%d' in format string conflicts with argument 1 of type 'const GLubyte *'
  Generating Code...
LINK : warning LNK4098: defaultlib 'MSVCRT' conflicts with use of other libs; use /NODEFAULTLIB:library
LINK : warning LNK4098: defaultlib 'LIBCMT' conflicts with use of other libs; use /NODEFAULTLIB:library
Shader.obj : warning LNK4049: locally defined symbol __glewAttachShader imported
Shader.obj : warning LNK4049: locally defined symbol __glewCompileShader imported
Shader.obj : warning LNK4049: locally defined symbol __glewCreateProgram imported
Shader.obj : warning LNK4049: locally defined symbol __glewCreateShader imported
Shader.obj : warning LNK4049: locally defined symbol __glewDeleteShader imported
Shader.obj : warning LNK4049: locally defined symbol __glewGetProgramInfoLog imported
Shader.obj : warning LNK4049: locally defined symbol __glewGetProgramiv imported
Shader.obj : warning LNK4049: locally defined symbol __glewGetShaderInfoLog imported
Shader.obj : warning LNK4049: locally defined symbol __glewGetShaderiv imported
Shader.obj : warning LNK4049: locally defined symbol __glewLinkProgram imported
Shader.obj : warning LNK4049: locally defined symbol __glewShaderSource imported
Shader.obj : warning LNK4049: locally defined symbol __glewUseProgram imported
glew32s.lib(glew.obj) : warning LNK4099: PDB 'vc120.pdb' was not found with 'glew32s.lib(glew.obj)' or at 'C:\Users\Nabil\Documents\Visual Studio 2015\Projects\OpenGL Shader Viewer\ShaderViewer\x64\Debug\vc120.pdb'; linking object as if no debug info
  ShaderViewer.vcxproj -> C:\Users\Nabil\Documents\Visual Studio 2015\Projects\OpenGL Shader Viewer\ShaderViewer\x64\Debug\ShaderViewer.exe
  ShaderViewer.vcxproj -> C:\Users\Nabil\Documents\Visual Studio 2015\Projects\OpenGL Shader Viewer\ShaderViewer\x64\Debug\ShaderViewer.pdb (Full PDB)
